{"/Users/v.bissay/Documents/dev/perso/TCG card/front/composables/useNotifications.ts": {"path":"/Users/v.bissay/Documents/dev/perso/TCG card/front/composables/useNotifications.ts","statementMap":{"0":{"start":{"line":9,"column":32},"end":{"line":35,"column":null}},"1":{"start":{"line":10,"column":8},"end":{"line":10,"column":null}},"2":{"start":{"line":12,"column":22},"end":{"line":14,"column":null}},"3":{"start":{"line":13,"column":4},"end":{"line":13,"column":null}},"4":{"start":{"line":16,"column":20},"end":{"line":18,"column":null}},"5":{"start":{"line":17,"column":4},"end":{"line":17,"column":null}},"6":{"start":{"line":20,"column":19},"end":{"line":22,"column":null}},"7":{"start":{"line":21,"column":4},"end":{"line":21,"column":null}},"8":{"start":{"line":24,"column":19},"end":{"line":26,"column":null}},"9":{"start":{"line":25,"column":4},"end":{"line":25,"column":null}},"10":{"start":{"line":28,"column":2},"end":{"line":34,"column":null}}},"fnMap":{"0":{"name":"(anonymous_0)","decl":{"start":{"line":9,"column":32},"end":{"line":9,"column":38}},"loc":{"start":{"line":9,"column":38},"end":{"line":35,"column":null}},"line":9},"1":{"name":"(anonymous_1)","decl":{"start":{"line":12,"column":22},"end":{"line":12,"column":23}},"loc":{"start":{"line":12,"column":60},"end":{"line":14,"column":null}},"line":12},"2":{"name":"(anonymous_2)","decl":{"start":{"line":16,"column":20},"end":{"line":16,"column":21}},"loc":{"start":{"line":16,"column":58},"end":{"line":18,"column":null}},"line":16},"3":{"name":"(anonymous_3)","decl":{"start":{"line":20,"column":19},"end":{"line":20,"column":20}},"loc":{"start":{"line":20,"column":57},"end":{"line":22,"column":null}},"line":20},"4":{"name":"(anonymous_4)","decl":{"start":{"line":24,"column":19},"end":{"line":24,"column":20}},"loc":{"start":{"line":24,"column":57},"end":{"line":26,"column":null}},"line":24}},"branchMap":{},"s":{"0":1,"1":4,"2":4,"3":1,"4":4,"5":1,"6":4,"7":1,"8":4,"9":1,"10":4},"f":{"0":4,"1":1,"2":1,"3":1,"4":1},"b":{},"meta":{"lastBranch":0,"lastFunction":5,"lastStatement":11,"seen":{"s:9:32:35:Infinity":0,"f:9:32:9:38":0,"s:10:8:10:Infinity":1,"s:12:22:14:Infinity":2,"f:12:22:12:23":1,"s:13:4:13:Infinity":3,"s:16:20:18:Infinity":4,"f:16:20:16:21":2,"s:17:4:17:Infinity":5,"s:20:19:22:Infinity":6,"f:20:19:20:20":3,"s:21:4:21:Infinity":7,"s:24:19:26:Infinity":8,"f:24:19:24:20":4,"s:25:4:25:Infinity":9,"s:28:2:34:Infinity":10}}}
,"/Users/v.bissay/Documents/dev/perso/TCG card/front/composables/useValidation.ts": {"path":"/Users/v.bissay/Documents/dev/perso/TCG card/front/composables/useValidation.ts","statementMap":{"0":{"start":{"line":4,"column":28},"end":{"line":7,"column":null}},"1":{"start":{"line":5,"column":21},"end":{"line":5,"column":null}},"2":{"start":{"line":6,"column":2},"end":{"line":6,"column":null}},"3":{"start":{"line":13,"column":31},"end":{"line":15,"column":null}},"4":{"start":{"line":14,"column":2},"end":{"line":14,"column":null}},"5":{"start":{"line":21,"column":32},"end":{"line":24,"column":null}},"6":{"start":{"line":22,"column":22},"end":{"line":22,"column":null}},"7":{"start":{"line":23,"column":2},"end":{"line":23,"column":null}},"8":{"start":{"line":30,"column":27},"end":{"line":33,"column":null}},"9":{"start":{"line":31,"column":20},"end":{"line":31,"column":null}},"10":{"start":{"line":32,"column":2},"end":{"line":32,"column":null}},"11":{"start":{"line":38,"column":30},"end":{"line":40,"column":null}},"12":{"start":{"line":39,"column":2},"end":{"line":39,"column":null}},"13":{"start":{"line":45,"column":29},"end":{"line":122,"column":null}},"14":{"start":{"line":46,"column":17},"end":{"line":46,"column":null}},"15":{"start":{"line":48,"column":24},"end":{"line":59,"column":null}},"16":{"start":{"line":49,"column":4},"end":{"line":52,"column":null}},"17":{"start":{"line":50,"column":6},"end":{"line":50,"column":null}},"18":{"start":{"line":51,"column":6},"end":{"line":51,"column":null}},"19":{"start":{"line":53,"column":4},"end":{"line":56,"column":null}},"20":{"start":{"line":54,"column":6},"end":{"line":54,"column":null}},"21":{"start":{"line":55,"column":6},"end":{"line":55,"column":null}},"22":{"start":{"line":57,"column":4},"end":{"line":57,"column":null}},"23":{"start":{"line":58,"column":4},"end":{"line":58,"column":null}},"24":{"start":{"line":61,"column":27},"end":{"line":77,"column":null}},"25":{"start":{"line":62,"column":4},"end":{"line":65,"column":null}},"26":{"start":{"line":63,"column":6},"end":{"line":63,"column":null}},"27":{"start":{"line":64,"column":6},"end":{"line":64,"column":null}},"28":{"start":{"line":66,"column":4},"end":{"line":70,"column":null}},"29":{"start":{"line":67,"column":6},"end":{"line":68,"column":null}},"30":{"start":{"line":69,"column":6},"end":{"line":69,"column":null}},"31":{"start":{"line":71,"column":4},"end":{"line":74,"column":null}},"32":{"start":{"line":72,"column":6},"end":{"line":72,"column":null}},"33":{"start":{"line":73,"column":6},"end":{"line":73,"column":null}},"34":{"start":{"line":75,"column":4},"end":{"line":75,"column":null}},"35":{"start":{"line":76,"column":4},"end":{"line":76,"column":null}},"36":{"start":{"line":79,"column":23},"end":{"line":90,"column":null}},"37":{"start":{"line":80,"column":4},"end":{"line":83,"column":null}},"38":{"start":{"line":81,"column":6},"end":{"line":81,"column":null}},"39":{"start":{"line":82,"column":6},"end":{"line":82,"column":null}},"40":{"start":{"line":84,"column":4},"end":{"line":87,"column":null}},"41":{"start":{"line":85,"column":6},"end":{"line":85,"column":null}},"42":{"start":{"line":86,"column":6},"end":{"line":86,"column":null}},"43":{"start":{"line":88,"column":4},"end":{"line":88,"column":null}},"44":{"start":{"line":89,"column":4},"end":{"line":89,"column":null}},"45":{"start":{"line":92,"column":32},"end":{"line":103,"column":null}},"46":{"start":{"line":97,"column":4},"end":{"line":100,"column":null}},"47":{"start":{"line":98,"column":6},"end":{"line":98,"column":null}},"48":{"start":{"line":99,"column":6},"end":{"line":99,"column":null}},"49":{"start":{"line":101,"column":4},"end":{"line":101,"column":null}},"50":{"start":{"line":102,"column":4},"end":{"line":102,"column":null}},"51":{"start":{"line":105,"column":22},"end":{"line":107,"column":null}},"52":{"start":{"line":106,"column":4},"end":{"line":106,"column":null}},"53":{"start":{"line":109,"column":21},"end":{"line":111,"column":null}},"54":{"start":{"line":110,"column":4},"end":{"line":110,"column":null}},"55":{"start":{"line":113,"column":2},"end":{"line":121,"column":null}}},"fnMap":{"0":{"name":"(anonymous_0)","decl":{"start":{"line":4,"column":28},"end":{"line":4,"column":29}},"loc":{"start":{"line":4,"column":56},"end":{"line":7,"column":null}},"line":4},"1":{"name":"(anonymous_1)","decl":{"start":{"line":13,"column":31},"end":{"line":13,"column":32}},"loc":{"start":{"line":13,"column":62},"end":{"line":15,"column":null}},"line":13},"2":{"name":"(anonymous_2)","decl":{"start":{"line":21,"column":32},"end":{"line":21,"column":33}},"loc":{"start":{"line":21,"column":63},"end":{"line":24,"column":null}},"line":21},"3":{"name":"(anonymous_3)","decl":{"start":{"line":30,"column":27},"end":{"line":30,"column":28}},"loc":{"start":{"line":30,"column":54},"end":{"line":33,"column":null}},"line":30},"4":{"name":"(anonymous_4)","decl":{"start":{"line":38,"column":30},"end":{"line":38,"column":31}},"loc":{"start":{"line":38,"column":78},"end":{"line":40,"column":null}},"line":38},"5":{"name":"(anonymous_5)","decl":{"start":{"line":45,"column":29},"end":{"line":45,"column":35}},"loc":{"start":{"line":45,"column":35},"end":{"line":122,"column":null}},"line":45},"6":{"name":"(anonymous_6)","decl":{"start":{"line":48,"column":24},"end":{"line":48,"column":25}},"loc":{"start":{"line":48,"column":73},"end":{"line":59,"column":null}},"line":48},"7":{"name":"(anonymous_7)","decl":{"start":{"line":61,"column":27},"end":{"line":61,"column":28}},"loc":{"start":{"line":61,"column":98},"end":{"line":77,"column":null}},"line":61},"8":{"name":"(anonymous_8)","decl":{"start":{"line":79,"column":23},"end":{"line":79,"column":24}},"loc":{"start":{"line":79,"column":69},"end":{"line":90,"column":null}},"line":79},"9":{"name":"(anonymous_9)","decl":{"start":{"line":92,"column":32},"end":{"line":92,"column":null}},"loc":{"start":{"line":96,"column":16},"end":{"line":103,"column":null}},"line":96},"10":{"name":"(anonymous_10)","decl":{"start":{"line":105,"column":22},"end":{"line":105,"column":28}},"loc":{"start":{"line":105,"column":28},"end":{"line":107,"column":null}},"line":105},"11":{"name":"(anonymous_11)","decl":{"start":{"line":109,"column":21},"end":{"line":109,"column":22}},"loc":{"start":{"line":109,"column":44},"end":{"line":111,"column":null}},"line":109}},"branchMap":{"0":{"loc":{"start":{"line":39,"column":9},"end":{"line":39,"column":null}},"type":"binary-expr","locations":[{"start":{"line":39,"column":9},"end":{"line":39,"column":33}},{"start":{"line":39,"column":33},"end":{"line":39,"column":null}}],"line":39},"1":{"loc":{"start":{"line":48,"column":40},"end":{"line":48,"column":73}},"type":"default-arg","locations":[{"start":{"line":48,"column":52},"end":{"line":48,"column":73}}],"line":48},"2":{"loc":{"start":{"line":49,"column":4},"end":{"line":52,"column":null}},"type":"if","locations":[{"start":{"line":49,"column":4},"end":{"line":52,"column":null}},{"start":{},"end":{}}],"line":49},"3":{"loc":{"start":{"line":53,"column":4},"end":{"line":56,"column":null}},"type":"if","locations":[{"start":{"line":53,"column":4},"end":{"line":56,"column":null}},{"start":{},"end":{}}],"line":53},"4":{"loc":{"start":{"line":61,"column":46},"end":{"line":61,"column":70}},"type":"default-arg","locations":[{"start":{"line":61,"column":58},"end":{"line":61,"column":70}}],"line":61},"5":{"loc":{"start":{"line":61,"column":70},"end":{"line":61,"column":98}},"type":"default-arg","locations":[{"start":{"line":61,"column":79},"end":{"line":61,"column":98}}],"line":61},"6":{"loc":{"start":{"line":62,"column":4},"end":{"line":65,"column":null}},"type":"if","locations":[{"start":{"line":62,"column":4},"end":{"line":65,"column":null}},{"start":{},"end":{}}],"line":62},"7":{"loc":{"start":{"line":66,"column":4},"end":{"line":70,"column":null}},"type":"if","locations":[{"start":{"line":66,"column":4},"end":{"line":70,"column":null}},{"start":{},"end":{}}],"line":66},"8":{"loc":{"start":{"line":66,"column":8},"end":{"line":66,"column":47}},"type":"binary-expr","locations":[{"start":{"line":66,"column":8},"end":{"line":66,"column":18}},{"start":{"line":66,"column":18},"end":{"line":66,"column":47}}],"line":66},"9":{"loc":{"start":{"line":71,"column":4},"end":{"line":74,"column":null}},"type":"if","locations":[{"start":{"line":71,"column":4},"end":{"line":74,"column":null}},{"start":{},"end":{}}],"line":71},"10":{"loc":{"start":{"line":71,"column":8},"end":{"line":71,"column":47}},"type":"binary-expr","locations":[{"start":{"line":71,"column":8},"end":{"line":71,"column":19}},{"start":{"line":71,"column":19},"end":{"line":71,"column":47}}],"line":71},"11":{"loc":{"start":{"line":80,"column":4},"end":{"line":83,"column":null}},"type":"if","locations":[{"start":{"line":80,"column":4},"end":{"line":83,"column":null}},{"start":{},"end":{}}],"line":80},"12":{"loc":{"start":{"line":84,"column":4},"end":{"line":87,"column":null}},"type":"if","locations":[{"start":{"line":84,"column":4},"end":{"line":87,"column":null}},{"start":{},"end":{}}],"line":84},"13":{"loc":{"start":{"line":95,"column":4},"end":{"line":95,"column":null}},"type":"default-arg","locations":[{"start":{"line":95,"column":16},"end":{"line":95,"column":null}}],"line":95},"14":{"loc":{"start":{"line":97,"column":4},"end":{"line":100,"column":null}},"type":"if","locations":[{"start":{"line":97,"column":4},"end":{"line":100,"column":null}},{"start":{},"end":{}}],"line":97}},"s":{"0":1,"1":8,"2":8,"3":1,"4":6,"5":1,"6":9,"7":9,"8":1,"9":9,"10":9,"11":1,"12":6,"13":1,"14":15,"15":15,"16":4,"17":2,"18":2,"19":2,"20":1,"21":1,"22":1,"23":1,"24":15,"25":4,"26":1,"27":1,"28":3,"29":1,"30":1,"31":2,"32":0,"33":0,"34":2,"35":2,"36":15,"37":3,"38":1,"39":1,"40":2,"41":1,"42":1,"43":1,"44":1,"45":15,"46":2,"47":1,"48":1,"49":1,"50":1,"51":15,"52":1,"53":15,"54":1,"55":15},"f":{"0":8,"1":6,"2":9,"3":9,"4":6,"5":15,"6":4,"7":4,"8":3,"9":2,"10":1,"11":1},"b":{"0":[6,3],"1":[4],"2":[2,2],"3":[1,1],"4":[4],"5":[4],"6":[1,3],"7":[1,2],"8":[3,2],"9":[0,2],"10":[2,1],"11":[1,2],"12":[1,1],"13":[2],"14":[1,1]},"meta":{"lastBranch":15,"lastFunction":12,"lastStatement":56,"seen":{"s:4:28:7:Infinity":0,"f:4:28:4:29":0,"s:5:21:5:Infinity":1,"s:6:2:6:Infinity":2,"s:13:31:15:Infinity":3,"f:13:31:13:32":1,"s:14:2:14:Infinity":4,"s:21:32:24:Infinity":5,"f:21:32:21:33":2,"s:22:22:22:Infinity":6,"s:23:2:23:Infinity":7,"s:30:27:33:Infinity":8,"f:30:27:30:28":3,"s:31:20:31:Infinity":9,"s:32:2:32:Infinity":10,"s:38:30:40:Infinity":11,"f:38:30:38:31":4,"s:39:2:39:Infinity":12,"b:39:9:39:33:39:33:39:Infinity":0,"s:45:29:122:Infinity":13,"f:45:29:45:35":5,"s:46:17:46:Infinity":14,"s:48:24:59:Infinity":15,"f:48:24:48:25":6,"b:48:52:48:73":1,"b:49:4:52:Infinity:undefined:undefined:undefined:undefined":2,"s:49:4:52:Infinity":16,"s:50:6:50:Infinity":17,"s:51:6:51:Infinity":18,"b:53:4:56:Infinity:undefined:undefined:undefined:undefined":3,"s:53:4:56:Infinity":19,"s:54:6:54:Infinity":20,"s:55:6:55:Infinity":21,"s:57:4:57:Infinity":22,"s:58:4:58:Infinity":23,"s:61:27:77:Infinity":24,"f:61:27:61:28":7,"b:61:58:61:70":4,"b:61:79:61:98":5,"b:62:4:65:Infinity:undefined:undefined:undefined:undefined":6,"s:62:4:65:Infinity":25,"s:63:6:63:Infinity":26,"s:64:6:64:Infinity":27,"b:66:4:70:Infinity:undefined:undefined:undefined:undefined":7,"s:66:4:70:Infinity":28,"b:66:8:66:18:66:18:66:47":8,"s:67:6:68:Infinity":29,"s:69:6:69:Infinity":30,"b:71:4:74:Infinity:undefined:undefined:undefined:undefined":9,"s:71:4:74:Infinity":31,"b:71:8:71:19:71:19:71:47":10,"s:72:6:72:Infinity":32,"s:73:6:73:Infinity":33,"s:75:4:75:Infinity":34,"s:76:4:76:Infinity":35,"s:79:23:90:Infinity":36,"f:79:23:79:24":8,"b:80:4:83:Infinity:undefined:undefined:undefined:undefined":11,"s:80:4:83:Infinity":37,"s:81:6:81:Infinity":38,"s:82:6:82:Infinity":39,"b:84:4:87:Infinity:undefined:undefined:undefined:undefined":12,"s:84:4:87:Infinity":40,"s:85:6:85:Infinity":41,"s:86:6:86:Infinity":42,"s:88:4:88:Infinity":43,"s:89:4:89:Infinity":44,"s:92:32:103:Infinity":45,"f:92:32:92:Infinity":9,"b:95:16:95:Infinity":13,"b:97:4:100:Infinity:undefined:undefined:undefined:undefined":14,"s:97:4:100:Infinity":46,"s:98:6:98:Infinity":47,"s:99:6:99:Infinity":48,"s:101:4:101:Infinity":49,"s:102:4:102:Infinity":50,"s:105:22:107:Infinity":51,"f:105:22:105:28":10,"s:106:4:106:Infinity":52,"s:109:21:111:Infinity":53,"f:109:21:109:22":11,"s:110:4:110:Infinity":54,"s:113:2:121:Infinity":55}}}
,"/Users/v.bissay/Documents/dev/perso/TCG card/front/stores/loading.ts": {"path":"/Users/v.bissay/Documents/dev/perso/TCG card/front/stores/loading.ts","statementMap":{"0":{"start":{"line":4,"column":13},"end":{"line":41,"column":null}},"1":{"start":{"line":5,"column":24},"end":{"line":11,"column":null}},"2":{"start":{"line":13,"column":21},"end":{"line":15,"column":null}},"3":{"start":{"line":14,"column":4},"end":{"line":14,"column":null}},"4":{"start":{"line":17,"column":20},"end":{"line":19,"column":null}},"5":{"start":{"line":18,"column":4},"end":{"line":18,"column":null}},"6":{"start":{"line":21,"column":23},"end":{"line":23,"column":null}},"7":{"start":{"line":22,"column":4},"end":{"line":22,"column":null}},"8":{"start":{"line":25,"column":22},"end":{"line":27,"column":null}},"9":{"start":{"line":26,"column":4},"end":{"line":26,"column":null}},"10":{"start":{"line":29,"column":23},"end":{"line":31,"column":null}},"11":{"start":{"line":30,"column":4},"end":{"line":30,"column":null}},"12":{"start":{"line":30,"column":56},"end":{"line":30,"column":66}},"13":{"start":{"line":33,"column":2},"end":{"line":40,"column":null}}},"fnMap":{"0":{"name":"(anonymous_0)","decl":{"start":{"line":4,"column":60},"end":{"line":4,"column":66}},"loc":{"start":{"line":4,"column":66},"end":{"line":41,"column":1}},"line":4},"1":{"name":"(anonymous_1)","decl":{"start":{"line":13,"column":21},"end":{"line":13,"column":22}},"loc":{"start":{"line":13,"column":54},"end":{"line":15,"column":null}},"line":13},"2":{"name":"(anonymous_2)","decl":{"start":{"line":17,"column":20},"end":{"line":17,"column":21}},"loc":{"start":{"line":17,"column":46},"end":{"line":19,"column":null}},"line":17},"3":{"name":"(anonymous_3)","decl":{"start":{"line":21,"column":23},"end":{"line":21,"column":24}},"loc":{"start":{"line":21,"column":40},"end":{"line":23,"column":null}},"line":21},"4":{"name":"(anonymous_4)","decl":{"start":{"line":25,"column":22},"end":{"line":25,"column":23}},"loc":{"start":{"line":25,"column":39},"end":{"line":27,"column":null}},"line":25},"5":{"name":"(anonymous_5)","decl":{"start":{"line":29,"column":23},"end":{"line":29,"column":38}},"loc":{"start":{"line":29,"column":38},"end":{"line":31,"column":null}},"line":29},"6":{"name":"(anonymous_6)","decl":{"start":{"line":30,"column":51},"end":{"line":30,"column":56}},"loc":{"start":{"line":30,"column":56},"end":{"line":30,"column":66}},"line":30}},"branchMap":{"0":{"loc":{"start":{"line":18,"column":11},"end":{"line":18,"column":null}},"type":"binary-expr","locations":[{"start":{"line":18,"column":11},"end":{"line":18,"column":39}},{"start":{"line":18,"column":39},"end":{"line":18,"column":null}}],"line":18}},"s":{"0":1,"1":13,"2":13,"3":15,"4":13,"5":8,"6":13,"7":4,"8":13,"9":3,"10":13,"11":6,"12":20,"13":13},"f":{"0":13,"1":15,"2":8,"3":4,"4":3,"5":6,"6":20},"b":{"0":[8,4]},"meta":{"lastBranch":1,"lastFunction":7,"lastStatement":14,"seen":{"s:4:13:41:Infinity":0,"f:4:60:4:66":0,"s:5:24:11:Infinity":1,"s:13:21:15:Infinity":2,"f:13:21:13:22":1,"s:14:4:14:Infinity":3,"s:17:20:19:Infinity":4,"f:17:20:17:21":2,"s:18:4:18:Infinity":5,"b:18:11:18:39:18:39:18:Infinity":0,"s:21:23:23:Infinity":6,"f:21:23:21:24":3,"s:22:4:22:Infinity":7,"s:25:22:27:Infinity":8,"f:25:22:25:23":4,"s:26:4:26:Infinity":9,"s:29:23:31:Infinity":10,"f:29:23:29:38":5,"s:30:4:30:Infinity":11,"f:30:51:30:56":6,"s:30:56:30:66":12,"s:33:2:40:Infinity":13}}}
,"/Users/v.bissay/Documents/dev/perso/TCG card/front/stores/toast.ts": {"path":"/Users/v.bissay/Documents/dev/perso/TCG card/front/stores/toast.ts","statementMap":{"0":{"start":{"line":4,"column":13},"end":{"line":57,"column":null}},"1":{"start":{"line":5,"column":17},"end":{"line":5,"column":null}},"2":{"start":{"line":7,"column":15},"end":{"line":21,"column":null}},"3":{"start":{"line":8,"column":15},"end":{"line":8,"column":null}},"4":{"start":{"line":9,"column":28},"end":{"line":13,"column":null}},"5":{"start":{"line":15,"column":4},"end":{"line":15,"column":null}},"6":{"start":{"line":18,"column":4},"end":{"line":20,"column":null}},"7":{"start":{"line":19,"column":6},"end":{"line":19,"column":null}},"8":{"start":{"line":23,"column":18},"end":{"line":25,"column":null}},"9":{"start":{"line":24,"column":4},"end":{"line":24,"column":null}},"10":{"start":{"line":27,"column":15},"end":{"line":29,"column":null}},"11":{"start":{"line":28,"column":4},"end":{"line":28,"column":null}},"12":{"start":{"line":31,"column":15},"end":{"line":33,"column":null}},"13":{"start":{"line":32,"column":4},"end":{"line":32,"column":null}},"14":{"start":{"line":35,"column":16},"end":{"line":37,"column":null}},"15":{"start":{"line":36,"column":4},"end":{"line":36,"column":null}},"16":{"start":{"line":39,"column":17},"end":{"line":41,"column":null}},"17":{"start":{"line":40,"column":4},"end":{"line":40,"column":null}},"18":{"start":{"line":40,"column":44},"end":{"line":40,"column":55}},"19":{"start":{"line":43,"column":16},"end":{"line":45,"column":null}},"20":{"start":{"line":44,"column":4},"end":{"line":44,"column":null}},"21":{"start":{"line":47,"column":2},"end":{"line":56,"column":null}}},"fnMap":{"0":{"name":"(anonymous_0)","decl":{"start":{"line":4,"column":56},"end":{"line":4,"column":62}},"loc":{"start":{"line":4,"column":62},"end":{"line":57,"column":1}},"line":4},"1":{"name":"(anonymous_1)","decl":{"start":{"line":7,"column":15},"end":{"line":7,"column":16}},"loc":{"start":{"line":7,"column":45},"end":{"line":21,"column":null}},"line":7},"2":{"name":"(anonymous_2)","decl":{"start":{"line":18,"column":15},"end":{"line":18,"column":21}},"loc":{"start":{"line":18,"column":21},"end":{"line":20,"column":7}},"line":18},"3":{"name":"(anonymous_3)","decl":{"start":{"line":23,"column":18},"end":{"line":23,"column":19}},"loc":{"start":{"line":23,"column":69},"end":{"line":25,"column":null}},"line":23},"4":{"name":"(anonymous_4)","decl":{"start":{"line":27,"column":15},"end":{"line":27,"column":16}},"loc":{"start":{"line":27,"column":66},"end":{"line":29,"column":null}},"line":27},"5":{"name":"(anonymous_5)","decl":{"start":{"line":31,"column":15},"end":{"line":31,"column":16}},"loc":{"start":{"line":31,"column":66},"end":{"line":33,"column":null}},"line":31},"6":{"name":"(anonymous_6)","decl":{"start":{"line":35,"column":16},"end":{"line":35,"column":17}},"loc":{"start":{"line":35,"column":67},"end":{"line":37,"column":null}},"line":35},"7":{"name":"(anonymous_7)","decl":{"start":{"line":39,"column":17},"end":{"line":39,"column":18}},"loc":{"start":{"line":39,"column":33},"end":{"line":41,"column":null}},"line":39},"8":{"name":"(anonymous_8)","decl":{"start":{"line":40,"column":39},"end":{"line":40,"column":44}},"loc":{"start":{"line":40,"column":44},"end":{"line":40,"column":55}},"line":40},"9":{"name":"(anonymous_9)","decl":{"start":{"line":43,"column":16},"end":{"line":43,"column":22}},"loc":{"start":{"line":43,"column":22},"end":{"line":45,"column":null}},"line":43}},"branchMap":{"0":{"loc":{"start":{"line":12,"column":12},"end":{"line":12,"column":null}},"type":"binary-expr","locations":[{"start":{"line":12,"column":12},"end":{"line":12,"column":26}},{"start":{"line":12,"column":26},"end":{"line":12,"column":null}}],"line":12},"1":{"loc":{"start":{"line":23,"column":53},"end":{"line":23,"column":69}},"type":"default-arg","locations":[{"start":{"line":23,"column":60},"end":{"line":23,"column":69}}],"line":23},"2":{"loc":{"start":{"line":27,"column":50},"end":{"line":27,"column":66}},"type":"default-arg","locations":[{"start":{"line":27,"column":57},"end":{"line":27,"column":66}}],"line":27},"3":{"loc":{"start":{"line":31,"column":50},"end":{"line":31,"column":66}},"type":"default-arg","locations":[{"start":{"line":31,"column":57},"end":{"line":31,"column":66}}],"line":31},"4":{"loc":{"start":{"line":35,"column":51},"end":{"line":35,"column":67}},"type":"default-arg","locations":[{"start":{"line":35,"column":58},"end":{"line":35,"column":67}}],"line":35}},"s":{"0":2,"1":16,"2":16,"3":19,"4":19,"5":19,"6":19,"7":1,"8":16,"9":9,"10":16,"11":3,"12":16,"13":2,"14":16,"15":3,"16":16,"17":2,"18":3,"19":16,"20":1,"21":16},"f":{"0":16,"1":19,"2":1,"3":9,"4":3,"5":2,"6":3,"7":2,"8":3,"9":1},"b":{"0":[19,1],"1":[9],"2":[3],"3":[2],"4":[3]},"meta":{"lastBranch":5,"lastFunction":10,"lastStatement":22,"seen":{"s:4:13:57:Infinity":0,"f:4:56:4:62":0,"s:5:17:5:Infinity":1,"s:7:15:21:Infinity":2,"f:7:15:7:16":1,"s:8:15:8:Infinity":3,"s:9:28:13:Infinity":4,"b:12:12:12:26:12:26:12:Infinity":0,"s:15:4:15:Infinity":5,"s:18:4:20:Infinity":6,"f:18:15:18:21":2,"s:19:6:19:Infinity":7,"s:23:18:25:Infinity":8,"f:23:18:23:19":3,"b:23:60:23:69":1,"s:24:4:24:Infinity":9,"s:27:15:29:Infinity":10,"f:27:15:27:16":4,"b:27:57:27:66":2,"s:28:4:28:Infinity":11,"s:31:15:33:Infinity":12,"f:31:15:31:16":5,"b:31:57:31:66":3,"s:32:4:32:Infinity":13,"s:35:16:37:Infinity":14,"f:35:16:35:17":6,"b:35:58:35:67":4,"s:36:4:36:Infinity":15,"s:39:17:41:Infinity":16,"f:39:17:39:18":7,"s:40:4:40:Infinity":17,"f:40:39:40:44":8,"s:40:44:40:55":18,"s:43:16:45:Infinity":19,"f:43:16:43:22":9,"s:44:4:44:Infinity":20,"s:47:2:56:Infinity":21}}}
}
