TN:
SF:composables/useNotifications.ts
FN:9,(anonymous_0)
FN:12,(anonymous_1)
FN:16,(anonymous_2)
FN:20,(anonymous_3)
FN:24,(anonymous_4)
FNF:5
FNH:5
FNDA:4,(anonymous_0)
FNDA:1,(anonymous_1)
FNDA:1,(anonymous_2)
FNDA:1,(anonymous_3)
FNDA:1,(anonymous_4)
DA:9,1
DA:10,4
DA:12,4
DA:13,1
DA:16,4
DA:17,1
DA:20,4
DA:21,1
DA:24,4
DA:25,1
DA:28,4
LF:11
LH:11
BRF:0
BRH:0
end_of_record
TN:
SF:composables/useValidation.ts
FN:4,(anonymous_0)
FN:13,(anonymous_1)
FN:21,(anonymous_2)
FN:30,(anonymous_3)
FN:38,(anonymous_4)
FN:45,(anonymous_5)
FN:48,(anonymous_6)
FN:61,(anonymous_7)
FN:79,(anonymous_8)
FN:92,(anonymous_9)
FN:105,(anonymous_10)
FN:109,(anonymous_11)
FNF:12
FNH:12
FNDA:8,(anonymous_0)
FNDA:6,(anonymous_1)
FNDA:9,(anonymous_2)
FNDA:9,(anonymous_3)
FNDA:6,(anonymous_4)
FNDA:15,(anonymous_5)
FNDA:4,(anonymous_6)
FNDA:4,(anonymous_7)
FNDA:3,(anonymous_8)
FNDA:2,(anonymous_9)
FNDA:1,(anonymous_10)
FNDA:1,(anonymous_11)
DA:4,1
DA:5,8
DA:6,8
DA:13,1
DA:14,6
DA:21,1
DA:22,9
DA:23,9
DA:30,1
DA:31,9
DA:32,9
DA:38,1
DA:39,6
DA:45,1
DA:46,15
DA:48,15
DA:49,4
DA:50,2
DA:51,2
DA:53,2
DA:54,1
DA:55,1
DA:57,1
DA:58,1
DA:61,15
DA:62,4
DA:63,1
DA:64,1
DA:66,3
DA:67,1
DA:69,1
DA:71,2
DA:72,0
DA:73,0
DA:75,2
DA:76,2
DA:79,15
DA:80,3
DA:81,1
DA:82,1
DA:84,2
DA:85,1
DA:86,1
DA:88,1
DA:89,1
DA:92,15
DA:97,2
DA:98,1
DA:99,1
DA:101,1
DA:102,1
DA:105,15
DA:106,1
DA:109,15
DA:110,1
DA:113,15
LF:56
LH:54
BRDA:39,0,0,6
BRDA:39,0,1,3
BRDA:48,1,0,4
BRDA:49,2,0,2
BRDA:49,2,1,2
BRDA:53,3,0,1
BRDA:53,3,1,1
BRDA:61,4,0,4
BRDA:61,5,0,4
BRDA:62,6,0,1
BRDA:62,6,1,3
BRDA:66,7,0,1
BRDA:66,7,1,2
BRDA:66,8,0,3
BRDA:66,8,1,2
BRDA:71,9,0,0
BRDA:71,9,1,2
BRDA:71,10,0,2
BRDA:71,10,1,1
BRDA:80,11,0,1
BRDA:80,11,1,2
BRDA:84,12,0,1
BRDA:84,12,1,1
BRDA:95,13,0,2
BRDA:97,14,0,1
BRDA:97,14,1,1
BRF:26
BRH:25
end_of_record
TN:
SF:stores/loading.ts
FN:4,(anonymous_0)
FN:13,(anonymous_1)
FN:17,(anonymous_2)
FN:21,(anonymous_3)
FN:25,(anonymous_4)
FN:29,(anonymous_5)
FN:30,(anonymous_6)
FNF:7
FNH:7
FNDA:13,(anonymous_0)
FNDA:15,(anonymous_1)
FNDA:8,(anonymous_2)
FNDA:4,(anonymous_3)
FNDA:3,(anonymous_4)
FNDA:6,(anonymous_5)
FNDA:20,(anonymous_6)
DA:4,1
DA:5,13
DA:13,13
DA:14,15
DA:17,13
DA:18,8
DA:21,13
DA:22,4
DA:25,13
DA:26,3
DA:29,13
DA:30,20
DA:33,13
LF:13
LH:13
BRDA:18,0,0,8
BRDA:18,0,1,4
BRF:2
BRH:2
end_of_record
TN:
SF:stores/toast.ts
FN:4,(anonymous_0)
FN:7,(anonymous_1)
FN:18,(anonymous_2)
FN:23,(anonymous_3)
FN:27,(anonymous_4)
FN:31,(anonymous_5)
FN:35,(anonymous_6)
FN:39,(anonymous_7)
FN:40,(anonymous_8)
FN:43,(anonymous_9)
FNF:10
FNH:10
FNDA:16,(anonymous_0)
FNDA:19,(anonymous_1)
FNDA:1,(anonymous_2)
FNDA:9,(anonymous_3)
FNDA:3,(anonymous_4)
FNDA:2,(anonymous_5)
FNDA:3,(anonymous_6)
FNDA:2,(anonymous_7)
FNDA:3,(anonymous_8)
FNDA:1,(anonymous_9)
DA:4,2
DA:5,16
DA:7,16
DA:8,19
DA:9,19
DA:15,19
DA:18,19
DA:19,1
DA:23,16
DA:24,9
DA:27,16
DA:28,3
DA:31,16
DA:32,2
DA:35,16
DA:36,3
DA:39,16
DA:40,3
DA:43,16
DA:44,1
DA:47,16
LF:21
LH:21
BRDA:12,0,0,19
BRDA:12,0,1,1
BRDA:23,1,0,9
BRDA:27,2,0,3
BRDA:31,3,0,2
BRDA:35,4,0,3
BRF:6
BRH:6
end_of_record
